15:37:12 **** Build of configuration Debug for project Drone_dual ****
make pre-build main-build 
a9-linaro-pre-build-step
 
Building file: ../src/utils/input_bias.c
Invoking: ARM v7 gcc compiler
arm-none-eabi-gcc -Wall -O0 -g3 -c -fmessage-length=0 -MT"src/utils/input_bias.o" -mcpu=cortex-a9 -mfpu=vfpv3 -mfloat-abi=hard -I../../Drone_dual_bsp/ps7_cortexa9_1/include -MMD -MP -MF"src/utils/input_bias.d" -MT"src/utils/input_bias.o" -o "src/utils/input_bias.o" "../src/utils/input_bias.c"
Finished building: ../src/utils/input_bias.c
 
Building file: ../src/utils/median_filter.c
Invoking: ARM v7 gcc compiler
arm-none-eabi-gcc -Wall -O0 -g3 -c -fmessage-length=0 -MT"src/utils/median_filter.o" -mcpu=cortex-a9 -mfpu=vfpv3 -mfloat-abi=hard -I../../Drone_dual_bsp/ps7_cortexa9_1/include -MMD -MP -MF"src/utils/median_filter.d" -MT"src/utils/median_filter.o" -o "src/utils/median_filter.o" "../src/utils/median_filter.c"
Finished building: ../src/utils/median_filter.c
 
Building file: ../src/sonar/sonar.c
Invoking: ARM v7 gcc compiler
arm-none-eabi-gcc -Wall -O0 -g3 -c -fmessage-length=0 -MT"src/sonar/sonar.o" -mcpu=cortex-a9 -mfpu=vfpv3 -mfloat-abi=hard -I../../Drone_dual_bsp/ps7_cortexa9_1/include -MMD -MP -MF"src/sonar/sonar.d" -MT"src/sonar/sonar.o" -o "src/sonar/sonar.o" "../src/sonar/sonar.c"
Finished building: ../src/sonar/sonar.c
 
Building file: ../src/platform/eagle_ipc.c
Invoking: ARM v7 gcc compiler
arm-none-eabi-gcc -Wall -O0 -g3 -c -fmessage-length=0 -MT"src/platform/eagle_ipc.o" -mcpu=cortex-a9 -mfpu=vfpv3 -mfloat-abi=hard -I../../Drone_dual_bsp/ps7_cortexa9_1/include -MMD -MP -MF"src/platform/eagle_ipc.d" -MT"src/platform/eagle_ipc.o" -o "src/platform/eagle_ipc.o" "../src/platform/eagle_ipc.c"
Finished building: ../src/platform/eagle_ipc.c
 
Building file: ../src/platform/platform.c
Invoking: ARM v7 gcc compiler
arm-none-eabi-gcc -Wall -O0 -g3 -c -fmessage-length=0 -MT"src/platform/platform.o" -mcpu=cortex-a9 -mfpu=vfpv3 -mfloat-abi=hard -I../../Drone_dual_bsp/ps7_cortexa9_1/include -MMD -MP -MF"src/platform/platform.d" -MT"src/platform/platform.o" -o "src/platform/platform.o" "../src/platform/platform.c"
Finished building: ../src/platform/platform.c
 
Building file: ../src/intc/intc.c
Invoking: ARM v7 gcc compiler
arm-none-eabi-gcc -Wall -O0 -g3 -c -fmessage-length=0 -MT"src/intc/intc.o" -mcpu=cortex-a9 -mfpu=vfpv3 -mfloat-abi=hard -I../../Drone_dual_bsp/ps7_cortexa9_1/include -MMD -MP -MF"src/intc/intc.d" -MT"src/intc/intc.o" -o "src/intc/intc.o" "../src/intc/intc.c"
Finished building: ../src/intc/intc.c
 
Building file: ../src/fsm/fsm.c
Invoking: ARM v7 gcc compiler
arm-none-eabi-gcc -Wall -O0 -g3 -c -fmessage-length=0 -MT"src/fsm/fsm.o" -mcpu=cortex-a9 -mfpu=vfpv3 -mfloat-abi=hard -I../../Drone_dual_bsp/ps7_cortexa9_1/include -MMD -MP -MF"src/fsm/fsm.d" -MT"src/fsm/fsm.o" -o "src/fsm/fsm.o" "../src/fsm/fsm.c"
Finished building: ../src/fsm/fsm.c
 
Building file: ../src/control/altitude.c
Invoking: ARM v7 gcc compiler
arm-none-eabi-gcc -Wall -O0 -g3 -c -fmessage-length=0 -MT"src/control/altitude.o" -mcpu=cortex-a9 -mfpu=vfpv3 -mfloat-abi=hard -I../../Drone_dual_bsp/ps7_cortexa9_1/include -MMD -MP -MF"src/control/altitude.d" -MT"src/control/altitude.o" -o "src/control/altitude.o" "../src/control/altitude.c"
Finished building: ../src/control/altitude.c
 
Building file: ../src/control/attitude.c
Invoking: ARM v7 gcc compiler
arm-none-eabi-gcc -Wall -O0 -g3 -c -fmessage-length=0 -MT"src/control/attitude.o" -mcpu=cortex-a9 -mfpu=vfpv3 -mfloat-abi=hard -I../../Drone_dual_bsp/ps7_cortexa9_1/include -MMD -MP -MF"src/control/attitude.d" -MT"src/control/attitude.o" -o "src/control/attitude.o" "../src/control/attitude.c"
Finished building: ../src/control/attitude.c
 
Building file: ../src/control/navigation.c
Invoking: ARM v7 gcc compiler
arm-none-eabi-gcc -Wall -O0 -g3 -c -fmessage-length=0 -MT"src/control/navigation.o" -mcpu=cortex-a9 -mfpu=vfpv3 -mfloat-abi=hard -I../../Drone_dual_bsp/ps7_cortexa9_1/include -MMD -MP -MF"src/control/navigation.d" -MT"src/control/navigation.o" -o "src/control/navigation.o" "../src/control/navigation.c"
../src/control/navigation.c: In function 'correct_tilt_pos':
../src/control/navigation.c:36:9: warning: unused variable 'pz_err' [-Wunused-variable]
   float pz_err = sonar;
         ^
Finished building: ../src/control/navigation.c
 
Building file: ../src/comm/comm.c
Invoking: ARM v7 gcc compiler
arm-none-eabi-gcc -Wall -O0 -g3 -c -fmessage-length=0 -MT"src/comm/comm.o" -mcpu=cortex-a9 -mfpu=vfpv3 -mfloat-abi=hard -I../../Drone_dual_bsp/ps7_cortexa9_1/include -MMD -MP -MF"src/comm/comm.d" -MT"src/comm/comm.o" -o "src/comm/comm.o" "../src/comm/comm.c"
../src/comm/comm.c: In function 'log_mode':
../src/comm/comm.c:26:19: warning: initialization from incompatible pointer type
   int *nav_mode = (float *)MODE_FLAG;
                   ^
../src/comm/comm.c:27:19: warning: initialization from incompatible pointer type
   int *ind_mode = (float *)IND_FLAG;
                   ^
Finished building: ../src/comm/comm.c
 
Building file: ../src/comm/iic.c
Invoking: ARM v7 gcc compiler
arm-none-eabi-gcc -Wall -O0 -g3 -c -fmessage-length=0 -MT"src/comm/iic.o" -mcpu=cortex-a9 -mfpu=vfpv3 -mfloat-abi=hard -I../../Drone_dual_bsp/ps7_cortexa9_1/include -MMD -MP -MF"src/comm/iic.d" -MT"src/comm/iic.o" -o "src/comm/iic.o" "../src/comm/iic.c"
Finished building: ../src/comm/iic.c
 
Building file: ../src/RC/RC.c
Invoking: ARM v7 gcc compiler
arm-none-eabi-gcc -Wall -O0 -g3 -c -fmessage-length=0 -MT"src/RC/RC.o" -mcpu=cortex-a9 -mfpu=vfpv3 -mfloat-abi=hard -I../../Drone_dual_bsp/ps7_cortexa9_1/include -MMD -MP -MF"src/RC/RC.d" -MT"src/RC/RC.o" -o "src/RC/RC.o" "../src/RC/RC.c"
Finished building: ../src/RC/RC.c
 
Building file: ../src/PWM/PWM.c
Invoking: ARM v7 gcc compiler
arm-none-eabi-gcc -Wall -O0 -g3 -c -fmessage-length=0 -MT"src/PWM/PWM.o" -mcpu=cortex-a9 -mfpu=vfpv3 -mfloat-abi=hard -I../../Drone_dual_bsp/ps7_cortexa9_1/include -MMD -MP -MF"src/PWM/PWM.d" -MT"src/PWM/PWM.o" -o "src/PWM/PWM.o" "../src/PWM/PWM.c"
Finished building: ../src/PWM/PWM.c
 
Building file: ../src/IMU/IMU.c
Invoking: ARM v7 gcc compiler
arm-none-eabi-gcc -Wall -O0 -g3 -c -fmessage-length=0 -MT"src/IMU/IMU.o" -mcpu=cortex-a9 -mfpu=vfpv3 -mfloat-abi=hard -I../../Drone_dual_bsp/ps7_cortexa9_1/include -MMD -MP -MF"src/IMU/IMU.d" -MT"src/IMU/IMU.o" -o "src/IMU/IMU.o" "../src/IMU/IMU.c"
Finished building: ../src/IMU/IMU.c
 
Building file: ../src/EAGLE4/c_code/control_to_voltage.c
Invoking: ARM v7 gcc compiler
arm-none-eabi-gcc -Wall -O0 -g3 -c -fmessage-length=0 -MT"src/EAGLE4/c_code/control_to_voltage.o" -mcpu=cortex-a9 -mfpu=vfpv3 -mfloat-abi=hard -I../../Drone_dual_bsp/ps7_cortexa9_1/include -MMD -MP -MF"src/EAGLE4/c_code/control_to_voltage.d" -MT"src/EAGLE4/c_code/control_to_voltage.o" -o "src/EAGLE4/c_code/control_to_voltage.o" "../src/EAGLE4/c_code/control_to_voltage.c"
Finished building: ../src/EAGLE4/c_code/control_to_voltage.c
 
Building file: ../src/EAGLE4/attitude_controller/attitude_controller.c
Invoking: ARM v7 gcc compiler
arm-none-eabi-gcc -Wall -O0 -g3 -c -fmessage-length=0 -MT"src/EAGLE4/attitude_controller/attitude_controller.o" -mcpu=cortex-a9 -mfpu=vfpv3 -mfloat-abi=hard -I../../Drone_dual_bsp/ps7_cortexa9_1/include -MMD -MP -MF"src/EAGLE4/attitude_controller/attitude_controller.d" -MT"src/EAGLE4/attitude_controller/attitude_controller.o" -o "src/EAGLE4/attitude_controller/attitude_controller.o" "../src/EAGLE4/attitude_controller/attitude_controller.c"
Finished building: ../src/EAGLE4/attitude_controller/attitude_controller.c
 
Building file: ../src/EAGLE4/attitude_controller/attitude_reference.c
Invoking: ARM v7 gcc compiler
arm-none-eabi-gcc -Wall -O0 -g3 -c -fmessage-length=0 -MT"src/EAGLE4/attitude_controller/attitude_reference.o" -mcpu=cortex-a9 -mfpu=vfpv3 -mfloat-abi=hard -I../../Drone_dual_bsp/ps7_cortexa9_1/include -MMD -MP -MF"src/EAGLE4/attitude_controller/attitude_reference.d" -MT"src/EAGLE4/attitude_controller/attitude_reference.o" -o "src/EAGLE4/attitude_controller/attitude_reference.o" "../src/EAGLE4/attitude_controller/attitude_reference.c"
Finished building: ../src/EAGLE4/attitude_controller/attitude_reference.c
 
Building file: ../src/EAGLE4/attitude_controller/imu_measurements.c
Invoking: ARM v7 gcc compiler
arm-none-eabi-gcc -Wall -O0 -g3 -c -fmessage-length=0 -MT"src/EAGLE4/attitude_controller/imu_measurements.o" -mcpu=cortex-a9 -mfpu=vfpv3 -mfloat-abi=hard -I../../Drone_dual_bsp/ps7_cortexa9_1/include -MMD -MP -MF"src/EAGLE4/attitude_controller/imu_measurements.d" -MT"src/EAGLE4/attitude_controller/imu_measurements.o" -o "src/EAGLE4/attitude_controller/imu_measurements.o" "../src/EAGLE4/attitude_controller/imu_measurements.c"
Finished building: ../src/EAGLE4/attitude_controller/imu_measurements.c
 
Building file: ../src/EAGLE4/altitude_controller/altitude_controller.c
Invoking: ARM v7 gcc compiler
arm-none-eabi-gcc -Wall -O0 -g3 -c -fmessage-length=0 -MT"src/EAGLE4/altitude_controller/altitude_controller.o" -mcpu=cortex-a9 -mfpu=vfpv3 -mfloat-abi=hard -I../../Drone_dual_bsp/ps7_cortexa9_1/include -MMD -MP -MF"src/EAGLE4/altitude_controller/altitude_controller.d" -MT"src/EAGLE4/altitude_controller/altitude_controller.o" -o "src/EAGLE4/altitude_controller/altitude_controller.o" "../src/EAGLE4/altitude_controller/altitude_controller.c"
Finished building: ../src/EAGLE4/altitude_controller/altitude_controller.c
 
Building file: ../src/EAGLE4/altitude_controller/altitude_integral_action.c
Invoking: ARM v7 gcc compiler
arm-none-eabi-gcc -Wall -O0 -g3 -c -fmessage-length=0 -MT"src/EAGLE4/altitude_controller/altitude_integral_action.o" -mcpu=cortex-a9 -mfpu=vfpv3 -mfloat-abi=hard -I../../Drone_dual_bsp/ps7_cortexa9_1/include -MMD -MP -MF"src/EAGLE4/altitude_controller/altitude_integral_action.d" -MT"src/EAGLE4/altitude_controller/altitude_integral_action.o" -o "src/EAGLE4/altitude_controller/altitude_integral_action.o" "../src/EAGLE4/altitude_controller/altitude_integral_action.c"
Finished building: ../src/EAGLE4/altitude_controller/altitude_integral_action.c
 
Building file: ../src/EAGLE4/altitude_controller/altitude_reference.c
Invoking: ARM v7 gcc compiler
arm-none-eabi-gcc -Wall -O0 -g3 -c -fmessage-length=0 -MT"src/EAGLE4/altitude_controller/altitude_reference.o" -mcpu=cortex-a9 -mfpu=vfpv3 -mfloat-abi=hard -I../../Drone_dual_bsp/ps7_cortexa9_1/include -MMD -MP -MF"src/EAGLE4/altitude_controller/altitude_reference.d" -MT"src/EAGLE4/altitude_controller/altitude_reference.o" -o "src/EAGLE4/altitude_controller/altitude_reference.o" "../src/EAGLE4/altitude_controller/altitude_reference.c"
Finished building: ../src/EAGLE4/altitude_controller/altitude_reference.c
 
Building file: ../src/AHRS/ahrs.c
Invoking: ARM v7 gcc compiler
arm-none-eabi-gcc -Wall -O0 -g3 -c -fmessage-length=0 -MT"src/AHRS/ahrs.o" -mcpu=cortex-a9 -mfpu=vfpv3 -mfloat-abi=hard -I../../Drone_dual_bsp/ps7_cortexa9_1/include -MMD -MP -MF"src/AHRS/ahrs.d" -MT"src/AHRS/ahrs.o" -o "src/AHRS/ahrs.o" "../src/AHRS/ahrs.c"
Finished building: ../src/AHRS/ahrs.c
 
Building file: ../src/main.c
Invoking: ARM v7 gcc compiler
arm-none-eabi-gcc -Wall -O0 -g3 -c -fmessage-length=0 -MT"src/main.o" -mcpu=cortex-a9 -mfpu=vfpv3 -mfloat-abi=hard -I../../Drone_dual_bsp/ps7_cortexa9_1/include -MMD -MP -MF"src/main.d" -MT"src/main.o" -o "src/main.o" "../src/main.c"
Finished building: ../src/main.c
 
Building target: Drone_dual.elf
Invoking: ARM v7 gcc linker
arm-none-eabi-gcc -mcpu=cortex-a9 -mfpu=vfpv3 -mfloat-abi=hard -Wl,-build-id=none -specs=Xilinx.spec -Wl,-T -Wl,../src/lscript.ld -L../../Drone_dual_bsp/ps7_cortexa9_1/lib -o "Drone_dual.elf"  ./src/utils/input_bias.o ./src/utils/median_filter.o ./src/utils/quaternion.o  ./src/sonar/sonar.o  ./src/platform/eagle_ipc.o ./src/platform/platform.o  ./src/intc/intc.o  ./src/fsm/fsm.o  ./src/control/altitude.o ./src/control/attitude.o ./src/control/navigation.o  ./src/comm/comm.o ./src/comm/iic.o  ./src/RC/RC.o  ./src/PWM/PWM.o  ./src/IMU/IMU.o  ./src/EAGLE4/c_code/control_to_voltage.o  ./src/EAGLE4/attitude_controller/attitude_controller.o ./src/EAGLE4/attitude_controller/attitude_reference.o ./src/EAGLE4/attitude_controller/imu_measurements.o  ./src/EAGLE4/altitude_controller/altitude_controller.o ./src/EAGLE4/altitude_controller/altitude_integral_action.o ./src/EAGLE4/altitude_controller/altitude_reference.o  ./src/AHRS/ahrs.o  ./src/main.o   -lm -Wl,--start-group,-lxil,-lgcc,-lc,--end-group
/esat/micas-data/software/xilinx_vivado_2016.2/SDK/2016.2/gnu/aarch32/lin/gcc-arm-none-eabi/bin/../lib/gcc/arm-none-eabi/4.9.2/../../../../arm-none-eabi/bin/ld: warning: cannot find entry symbol _vector_table; defaulting to 00100000
./src/sonar/sonar.o: In function `read_sonar':
/users/students/data/eagle4/Drone_files/Drone_Files/HW/drone/drone.sdk/Drone_dual/Debug/../src/sonar/sonar.c:15: undefined reference to `Xil_In32'
./src/platform/eagle_ipc.o: In function `eagle_DCacheFlush':
/users/students/data/eagle4/Drone_files/Drone_Files/HW/drone/drone.sdk/Drone_dual/Debug/../src/platform/eagle_ipc.c:29: undefined reference to `Xil_L1DCacheFlush'
./src/platform/eagle_ipc.o: In function `eagle_SetTlbAttributes':
/users/students/data/eagle4/Drone_files/Drone_Files/HW/drone/drone.sdk/Drone_dual/Debug/../src/platform/eagle_ipc.c:45: undefined reference to `MMUTable'
/users/students/data/eagle4/Drone_files/Drone_Files/HW/drone/drone.sdk/Drone_dual/Debug/../src/platform/eagle_ipc.c:45: undefined reference to `MMUTable'
./src/platform/platform.o: In function `disable_caches':
/users/students/data/eagle4/Drone_files/Drone_Files/HW/drone/drone.sdk/Drone_dual/Debug/../src/platform/platform.c:69: undefined reference to `Xil_DCacheDisable'
/users/students/data/eagle4/Drone_files/Drone_Files/HW/drone/drone.sdk/Drone_dual/Debug/../src/platform/platform.c:70: undefined reference to `Xil_ICacheDisable'
./src/intc/intc.o: In function `SetupInterruptSystem':
/users/students/data/eagle4/Drone_files/Drone_Files/HW/drone/drone.sdk/Drone_dual/Debug/../src/intc/intc.c:18: undefined reference to `Xil_ExceptionInit'
/users/students/data/eagle4/Drone_files/Drone_Files/HW/drone/drone.sdk/Drone_dual/Debug/../src/intc/intc.c:21: undefined reference to `XScuGic_LookupConfig'
/users/students/data/eagle4/Drone_files/Drone_Files/HW/drone/drone.sdk/Drone_dual/Debug/../src/intc/intc.c:27: undefined reference to `XScuGic_CfgInitialize'
/users/students/data/eagle4/Drone_files/Drone_Files/HW/drone/drone.sdk/Drone_dual/Debug/../src/intc/intc.c:37: undefined reference to `XScuGic_InterruptHandler'
/users/students/data/eagle4/Drone_files/Drone_Files/HW/drone/drone.sdk/Drone_dual/Debug/../src/intc/intc.c:37: undefined reference to `XScuGic_InterruptHandler'
/users/students/data/eagle4/Drone_files/Drone_Files/HW/drone/drone.sdk/Drone_dual/Debug/../src/intc/intc.c:37: undefined reference to `Xil_ExceptionRegisterHandler'
./src/intc/intc.o: In function `SetupIICInterruptSystem':
/users/students/data/eagle4/Drone_files/Drone_Files/HW/drone/drone.sdk/Drone_dual/Debug/../src/intc/intc.c:58: undefined reference to `XScuGic_LookupConfig'
/users/students/data/eagle4/Drone_files/Drone_Files/HW/drone/drone.sdk/Drone_dual/Debug/../src/intc/intc.c:68: undefined reference to `XIicPs_MasterInterruptHandler'
/users/students/data/eagle4/Drone_files/Drone_Files/HW/drone/drone.sdk/Drone_dual/Debug/../src/intc/intc.c:68: undefined reference to `XIicPs_MasterInterruptHandler'
/users/students/data/eagle4/Drone_files/Drone_Files/HW/drone/drone.sdk/Drone_dual/Debug/../src/intc/intc.c:68: undefined reference to `XScuGic_Connect'
/users/students/data/eagle4/Drone_files/Drone_Files/HW/drone/drone.sdk/Drone_dual/Debug/../src/intc/intc.c:71: undefined reference to `xil_printf'
/users/students/data/eagle4/Drone_files/Drone_Files/HW/drone/drone.sdk/Drone_dual/Debug/../src/intc/intc.c:74: undefined reference to `XScuGic_Enable'
./src/intc/intc.o: In function `SetupIMUInterruptSystem':
/users/students/data/eagle4/Drone_files/Drone_Files/HW/drone/drone.sdk/Drone_dual/Debug/../src/intc/intc.c:90: undefined reference to `XScuGic_LookupConfig'
/users/students/data/eagle4/Drone_files/Drone_Files/HW/drone/drone.sdk/Drone_dual/Debug/../src/intc/intc.c:100: undefined reference to `XScuGic_Connect'
/users/students/data/eagle4/Drone_files/Drone_Files/HW/drone/drone.sdk/Drone_dual/Debug/../src/intc/intc.c:108: undefined reference to `xil_printf'
/users/students/data/eagle4/Drone_files/Drone_Files/HW/drone/drone.sdk/Drone_dual/Debug/../src/intc/intc.c:112: undefined reference to `XScuGic_SetPriorityTriggerType'
/users/students/data/eagle4/Drone_files/Drone_Files/HW/drone/drone.sdk/Drone_dual/Debug/../src/intc/intc.c:118: undefined reference to `XScuGic_Enable'
./src/fsm/fsm.o: In function `update':
/users/students/data/eagle4/Drone_files/Drone_Files/HW/drone/drone.sdk/Drone_dual/Debug/../src/fsm/fsm.c:53: undefined reference to `XGpio_DiscreteWrite'
/users/students/data/eagle4/Drone_files/Drone_Files/HW/drone/drone.sdk/Drone_dual/Debug/../src/fsm/fsm.c:54: undefined reference to `XGpio_DiscreteWrite'
/users/students/data/eagle4/Drone_files/Drone_Files/HW/drone/drone.sdk/Drone_dual/Debug/../src/fsm/fsm.c:57: undefined reference to `XGpio_DiscreteWrite'
/users/students/data/eagle4/Drone_files/Drone_Files/HW/drone/drone.sdk/Drone_dual/Debug/../src/fsm/fsm.c:147: undefined reference to `xil_printf'
./src/fsm/fsm.o: In function `led_visual':
/users/students/data/eagle4/Drone_files/Drone_Files/HW/drone/drone.sdk/Drone_dual/Debug/../src/fsm/fsm.c:291: undefined reference to `XGpio_DiscreteWrite'
./src/comm/iic.o: In function `IicConfig':
/users/students/data/eagle4/Drone_files/Drone_Files/HW/drone/drone.sdk/Drone_dual/Debug/../src/comm/iic.c:12: undefined reference to `xil_printf'
/users/students/data/eagle4/Drone_files/Drone_Files/HW/drone/drone.sdk/Drone_dual/Debug/../src/comm/iic.c:17: undefined reference to `XIicPs_LookupConfig'
/users/students/data/eagle4/Drone_files/Drone_Files/HW/drone/drone.sdk/Drone_dual/Debug/../src/comm/iic.c:19: undefined reference to `xil_printf'
/users/students/data/eagle4/Drone_files/Drone_Files/HW/drone/drone.sdk/Drone_dual/Debug/../src/comm/iic.c:24: undefined reference to `XIicPs_CfgInitialize'
/users/students/data/eagle4/Drone_files/Drone_Files/HW/drone/drone.sdk/Drone_dual/Debug/../src/comm/iic.c:26: undefined reference to `xil_printf'
/users/students/data/eagle4/Drone_files/Drone_Files/HW/drone/drone.sdk/Drone_dual/Debug/../src/comm/iic.c:33: undefined reference to `XIicPs_SelfTest'
/users/students/data/eagle4/Drone_files/Drone_Files/HW/drone/drone.sdk/Drone_dual/Debug/../src/comm/iic.c:35: undefined reference to `xil_printf'
/users/students/data/eagle4/Drone_files/Drone_Files/HW/drone/drone.sdk/Drone_dual/Debug/../src/comm/iic.c:47: undefined reference to `xil_printf'
/users/students/data/eagle4/Drone_files/Drone_Files/HW/drone/drone.sdk/Drone_dual/Debug/../src/comm/iic.c:57: undefined reference to `XIicPs_SetStatusHandler'
/users/students/data/eagle4/Drone_files/Drone_Files/HW/drone/drone.sdk/Drone_dual/Debug/../src/comm/iic.c:60: undefined reference to `XIicPs_SetSClk'
/users/students/data/eagle4/Drone_files/Drone_Files/HW/drone/drone.sdk/Drone_dual/Debug/../src/comm/iic.c:62: undefined reference to `xil_printf'
/users/students/data/eagle4/Drone_files/Drone_Files/HW/drone/drone.sdk/Drone_dual/Debug/../src/comm/iic.c:67: undefined reference to `XIicPs_GetSClk'
/users/students/data/eagle4/Drone_files/Drone_Files/HW/drone/drone.sdk/Drone_dual/Debug/../src/comm/iic.c:68: undefined reference to `xil_printf'
/users/students/data/eagle4/Drone_files/Drone_Files/HW/drone/drone.sdk/Drone_dual/Debug/../src/comm/iic.c:71: undefined reference to `xil_printf'
./src/comm/iic.o: In function `IicWriteToReg':
/users/students/data/eagle4/Drone_files/Drone_Files/HW/drone/drone.sdk/Drone_dual/Debug/../src/comm/iic.c:78: undefined reference to `XIicPs_BusIsBusy'
/users/students/data/eagle4/Drone_files/Drone_Files/HW/drone/drone.sdk/Drone_dual/Debug/../src/comm/iic.c:92: undefined reference to `XIicPs_MasterSendPolled'
/users/students/data/eagle4/Drone_files/Drone_Files/HW/drone/drone.sdk/Drone_dual/Debug/../src/comm/iic.c:93: undefined reference to `xil_printf'
./src/comm/iic.o: In function `IicReadReg':
/users/students/data/eagle4/Drone_files/Drone_Files/HW/drone/drone.sdk/Drone_dual/Debug/../src/comm/iic.c:111: undefined reference to `xil_printf'
/users/students/data/eagle4/Drone_files/Drone_Files/HW/drone/drone.sdk/Drone_dual/Debug/../src/comm/iic.c:113: undefined reference to `XIicPs_MasterSendPolled'
/users/students/data/eagle4/Drone_files/Drone_Files/HW/drone/drone.sdk/Drone_dual/Debug/../src/comm/iic.c:114: undefined reference to `xil_printf'
/users/students/data/eagle4/Drone_files/Drone_Files/HW/drone/drone.sdk/Drone_dual/Debug/../src/comm/iic.c:115: undefined reference to `XIicPs_MasterRecvPolled'
/users/students/data/eagle4/Drone_files/Drone_Files/HW/drone/drone.sdk/Drone_dual/Debug/../src/comm/iic.c:116: undefined reference to `xil_printf'
./src/RC/RC.o: In function `read_RC':
/users/students/data/eagle4/Drone_files/Drone_Files/HW/drone/drone.sdk/Drone_dual/Debug/../src/RC/RC.c:19: undefined reference to `Xil_In32'
/users/students/data/eagle4/Drone_files/Drone_Files/HW/drone/drone.sdk/Drone_dual/Debug/../src/RC/RC.c:20: undefined reference to `Xil_In32'
/users/students/data/eagle4/Drone_files/Drone_Files/HW/drone/drone.sdk/Drone_dual/Debug/../src/RC/RC.c:21: undefined reference to `Xil_In32'
/users/students/data/eagle4/Drone_files/Drone_Files/HW/drone/drone.sdk/Drone_dual/Debug/../src/RC/RC.c:22: undefined reference to `Xil_In32'
/users/students/data/eagle4/Drone_files/Drone_Files/HW/drone/drone.sdk/Drone_dual/Debug/../src/RC/RC.c:24: undefined reference to `Xil_In32'
./src/RC/RC.o:/users/students/data/eagle4/Drone_files/Drone_Files/HW/drone/drone.sdk/Drone_dual/Debug/../src/RC/RC.c:25: more undefined references to `Xil_In32' follow
./src/PWM/PWM.o: In function `PWM_init':
/users/students/data/eagle4/Drone_files/Drone_Files/HW/drone/drone.sdk/Drone_dual/Debug/../src/PWM/PWM.c:41: undefined reference to `xil_printf'
/users/students/data/eagle4/Drone_files/Drone_Files/HW/drone/drone.sdk/Drone_dual/Debug/../src/PWM/PWM.c:44: undefined reference to `XGpio_Initialize'
/users/students/data/eagle4/Drone_files/Drone_Files/HW/drone/drone.sdk/Drone_dual/Debug/../src/PWM/PWM.c:46: undefined reference to `xil_printf'
/users/students/data/eagle4/Drone_files/Drone_Files/HW/drone/drone.sdk/Drone_dual/Debug/../src/PWM/PWM.c:51: undefined reference to `XGpio_Initialize'
/users/students/data/eagle4/Drone_files/Drone_Files/HW/drone/drone.sdk/Drone_dual/Debug/../src/PWM/PWM.c:53: undefined reference to `xil_printf'
/users/students/data/eagle4/Drone_files/Drone_Files/HW/drone/drone.sdk/Drone_dual/Debug/../src/PWM/PWM.c:57: undefined reference to `XGpio_SetDataDirection'
/users/students/data/eagle4/Drone_files/Drone_Files/HW/drone/drone.sdk/Drone_dual/Debug/../src/PWM/PWM.c:60: undefined reference to `XGpio_SetDataDirection'
/users/students/data/eagle4/Drone_files/Drone_Files/HW/drone/drone.sdk/Drone_dual/Debug/../src/PWM/PWM.c:63: undefined reference to `XGpio_SetDataDirection'
/users/students/data/eagle4/Drone_files/Drone_Files/HW/drone/drone.sdk/Drone_dual/Debug/../src/PWM/PWM.c:69: undefined reference to `XGpio_DiscreteWrite'
/users/students/data/eagle4/Drone_files/Drone_Files/HW/drone/drone.sdk/Drone_dual/Debug/../src/PWM/PWM.c:74: undefined reference to `xil_printf'
/users/students/data/eagle4/Drone_files/Drone_Files/HW/drone/drone.sdk/Drone_dual/Debug/../src/PWM/PWM.c:82: undefined reference to `XGpio_DiscreteWrite'
/users/students/data/eagle4/Drone_files/Drone_Files/HW/drone/drone.sdk/Drone_dual/Debug/../src/PWM/PWM.c:89: undefined reference to `XGpio_DiscreteWrite'
/users/students/data/eagle4/Drone_files/Drone_Files/HW/drone/drone.sdk/Drone_dual/Debug/../src/PWM/PWM.c:92: undefined reference to `xil_printf'
./src/PWM/PWM.o: In function `beep_initiated':
/users/students/data/eagle4/Drone_files/Drone_Files/HW/drone/drone.sdk/Drone_dual/Debug/../src/PWM/PWM.c:196: undefined reference to `xil_printf'
./src/IMU/IMU.o: In function `initIMU':
/users/students/data/eagle4/Drone_files/Drone_Files/HW/drone/drone.sdk/Drone_dual/Debug/../src/IMU/IMU.c:21: undefined reference to `xil_printf'
/users/students/data/eagle4/Drone_files/Drone_Files/HW/drone/drone.sdk/Drone_dual/Debug/../src/IMU/IMU.c:24: undefined reference to `usleep'
/users/students/data/eagle4/Drone_files/Drone_Files/HW/drone/drone.sdk/Drone_dual/Debug/../src/IMU/IMU.c:26: undefined reference to `xil_printf'
/users/students/data/eagle4/Drone_files/Drone_Files/HW/drone/drone.sdk/Drone_dual/Debug/../src/IMU/IMU.c:29: undefined reference to `xil_printf'
/users/students/data/eagle4/Drone_files/Drone_Files/HW/drone/drone.sdk/Drone_dual/Debug/../src/IMU/IMU.c:31: undefined reference to `xil_printf'
/users/students/data/eagle4/Drone_files/Drone_Files/HW/drone/drone.sdk/Drone_dual/Debug/../src/IMU/IMU.c:34: undefined reference to `xil_printf'
/users/students/data/eagle4/Drone_files/Drone_Files/HW/drone/drone.sdk/Drone_dual/Debug/../src/IMU/IMU.c:131: undefined reference to `xil_printf'
./src/IMU/IMU.o:/users/students/data/eagle4/Drone_files/Drone_Files/HW/drone/drone.sdk/Drone_dual/Debug/../src/IMU/IMU.c:134: more undefined references to `xil_printf' follow
./src/IMU/IMU.o: In function `readGyro':
/users/students/data/eagle4/Drone_files/Drone_Files/HW/drone/drone.sdk/Drone_dual/Debug/../src/IMU/IMU.c:180: undefined reference to `usleep'
./src/IMU/IMU.o: In function `calibrate_int':
/users/students/data/eagle4/Drone_files/Drone_Files/HW/drone/drone.sdk/Drone_dual/Debug/../src/IMU/IMU.c:251: undefined reference to `xil_printf'
/users/students/data/eagle4/Drone_files/Drone_Files/HW/drone/drone.sdk/Drone_dual/Debug/../src/IMU/IMU.c:256: undefined reference to `XGpio_DiscreteWrite'
/users/students/data/eagle4/Drone_files/Drone_Files/HW/drone/drone.sdk/Drone_dual/Debug/../src/IMU/IMU.c:295: undefined reference to `XGpio_DiscreteWrite'
/users/students/data/eagle4/Drone_files/Drone_Files/HW/drone/drone.sdk/Drone_dual/Debug/../src/IMU/IMU.c:297: undefined reference to `xil_printf'
./src/AHRS/ahrs.o: In function `ahrs_init':
/users/students/data/eagle4/Drone_files/Drone_Files/HW/drone/drone.sdk/Drone_dual/Debug/../src/AHRS/ahrs.c:6: undefined reference to `xil_printf'
/users/students/data/eagle4/Drone_files/Drone_Files/HW/drone/drone.sdk/Drone_dual/Debug/../src/AHRS/ahrs.c:40: undefined reference to `xil_printf'
./src/main.o: In function `main':
/users/students/data/eagle4/Drone_files/Drone_Files/HW/drone/drone.sdk/Drone_dual/Debug/../src/main.c:37: undefined reference to `xil_printf'
/esat/micas-data/software/xilinx_vivado_2016.2/SDK/2016.2/gnu/aarch32/lin/gcc-arm-none-eabi/bin/../lib/gcc/arm-none-eabi/4.9.2/../../../../arm-none-eabi/lib/v7-a/fpv3/hard/libc.a(lib_a-sbrkr.o): In function `_sbrk_r':
sbrkr.c:(.text+0x1c): undefined reference to `_sbrk'
/esat/micas-data/software/xilinx_vivado_2016.2/SDK/2016.2/gnu/aarch32/lin/gcc-arm-none-eabi/bin/../lib/gcc/arm-none-eabi/4.9.2/../../../../arm-none-eabi/lib/v7-a/fpv3/hard/libc.a(lib_a-writer.o): In function `_write_r':
writer.c:(.text+0x28): undefined reference to `_write'
/esat/micas-data/software/xilinx_vivado_2016.2/SDK/2016.2/gnu/aarch32/lin/gcc-arm-none-eabi/bin/../lib/gcc/arm-none-eabi/4.9.2/../../../../arm-none-eabi/lib/v7-a/fpv3/hard/libc.a(lib_a-closer.o): In function `_close_r':
closer.c:(.text+0x1c): undefined reference to `_close'
/esat/micas-data/software/xilinx_vivado_2016.2/SDK/2016.2/gnu/aarch32/lin/gcc-arm-none-eabi/bin/../lib/gcc/arm-none-eabi/4.9.2/../../../../arm-none-eabi/lib/v7-a/fpv3/hard/libc.a(lib_a-fstatr.o): In function `_fstat_r':
fstatr.c:(.text+0x24): undefined reference to `_fstat'
/esat/micas-data/software/xilinx_vivado_2016.2/SDK/2016.2/gnu/aarch32/lin/gcc-arm-none-eabi/bin/../lib/gcc/arm-none-eabi/4.9.2/../../../../arm-none-eabi/lib/v7-a/fpv3/hard/libc.a(lib_a-isattyr.o): In function `_isatty_r':
isattyr.c:(.text+0x1c): undefined reference to `_isatty'
/esat/micas-data/software/xilinx_vivado_2016.2/SDK/2016.2/gnu/aarch32/lin/gcc-arm-none-eabi/bin/../lib/gcc/arm-none-eabi/4.9.2/../../../../arm-none-eabi/lib/v7-a/fpv3/hard/libc.a(lib_a-lseekr.o): In function `_lseek_r':
lseekr.c:(.text+0x28): undefined reference to `_lseek'
/esat/micas-data/software/xilinx_vivado_2016.2/SDK/2016.2/gnu/aarch32/lin/gcc-arm-none-eabi/bin/../lib/gcc/arm-none-eabi/4.9.2/../../../../arm-none-eabi/lib/v7-a/fpv3/hard/libc.a(lib_a-readr.o): In function `_read_r':
readr.c:(.text+0x28): undefined reference to `_read'
collect2: error: ld returned 1 exit status
make: *** [Drone_dual.elf] Error 1

15:37:15 Build Finished (took 3s.244ms)

