#-----------------------------------------------------------
# Webtalk v2015.2 (64-bit)
# SW Build 1266856 on Fri Jun 26 16:35:25 MDT 2015
# 
# Start of session at: Fri Aug 19 16:03:57 2016
# Process ID: 27259
# Log file: /users/cosic/rdeclerc/Documents/ddp/2016-2017/work-packages/sw/ddp_sw/src/sdk/webtalk/webtalk.log
# Journal file: /users/cosic/rdeclerc/Documents/ddp/2016-2017/work-packages/sw/ddp_sw/src/sdk/webtalk/webtalk.jou
#-----------------------------------------------------------
source sdk_webtalk.tcl
# webtalk_init -webtalk_dir /users/cosic/rdeclerc/Documents/ddp/2016-2017/work-packages/sw/ddp_sw/src/sdk/webtalk
# webtalk_register_client -client project
# webtalk_add_data -client project -key date_generated -value "Fri Aug 19 16:03:56 2016" -context "software_version_and_target_device"
# webtalk_add_data -client project -key product_version -value "SDK v2015.2" -context "software_version_and_target_device"
# webtalk_add_data -client project -key build_version -value "2015.2" -context "software_version_and_target_device"
# webtalk_add_data -client project -key os_platform -value "amd64" -context "software_version_and_target_device"
# webtalk_add_data -client project -key registration_id -value "" -context "software_version_and_target_device"
# webtalk_add_data -client project -key tool_flow -value "SDK" -context "software_version_and_target_device"
# webtalk_add_data -client project -key beta -value "false" -context "software_version_and_target_device"
# webtalk_add_data -client project -key route_design -value "NA" -context "software_version_and_target_device"
# webtalk_add_data -client project -key target_family -value "NA" -context "software_version_and_target_device"
# webtalk_add_data -client project -key target_device -value "NA" -context "software_version_and_target_device"
# webtalk_add_data -client project -key target_package -value "NA" -context "software_version_and_target_device"
# webtalk_add_data -client project -key target_speed -value "NA" -context "software_version_and_target_device"
# webtalk_add_data -client project -key random_id -value "r6bhc3afsnh4qd72kd86mnnjn6" -context "software_version_and_target_device"
# webtalk_add_data -client project -key project_id -value "2015.2_60" -context "software_version_and_target_device"
# webtalk_add_data -client project -key project_iteration -value "60" -context "software_version_and_target_device"
# webtalk_add_data -client project -key os_name -value "" -context "user_environment"
# webtalk_add_data -client project -key os_release -value "" -context "user_environment"
# webtalk_add_data -client project -key cpu_name -value "" -context "user_environment"
# webtalk_add_data -client project -key cpu_speed -value "" -context "user_environment"
# webtalk_add_data -client project -key total_processors -value "" -context "user_environment"
# webtalk_add_data -client project -key system_ram -value "" -context "user_environment"
# webtalk_register_client -client sdk
# webtalk_add_data -client sdk -key uid -value "1471615159000" -context "sdk\\\\hardware/1471615159000"
# webtalk_add_data -client sdk -key isZynq -value "true" -context "sdk\\\\hardware/1471615159000"
# webtalk_add_data -client sdk -key Processors -value "2" -context "sdk\\\\hardware/1471615159000"
# webtalk_add_data -client sdk -key VivadoVersion -value "2015.2" -context "sdk\\\\hardware/1471615159000"
# webtalk_add_data -client sdk -key Arch -value "zynq" -context "sdk\\\\hardware/1471615159000"
# webtalk_add_data -client sdk -key Device -value "7z010" -context "sdk\\\\hardware/1471615159000"
# webtalk_add_data -client sdk -key IsHandoff -value "true" -context "sdk\\\\hardware/1471615159000"
# webtalk_transmit -clientid 472479739 -regid "" -xml /users/cosic/rdeclerc/Documents/ddp/2016-2017/work-packages/sw/ddp_sw/src/sdk/webtalk/usage_statistics_ext_sdk.xml -html /users/cosic/rdeclerc/Documents/ddp/2016-2017/work-packages/sw/ddp_sw/src/sdk/webtalk/usage_statistics_ext_sdk.html -wdm /users/cosic/rdeclerc/Documents/ddp/2016-2017/work-packages/sw/ddp_sw/src/sdk/webtalk/sdk_webtalk.wdm -intro "<H3>SDK Usage Report</H3><BR>"
INFO: [Common 17-186] '/users/cosic/rdeclerc/Documents/ddp/2016-2017/work-packages/sw/ddp_sw/src/sdk/webtalk/usage_statistics_ext_sdk.xml' has been successfully sent to Xilinx on Fri Aug 19 16:03:59 2016. For additional details about this file, please refer to the WebTalk help file at /esat/koninck1/scratch/pmaene/Cellar/xilinx/SDK/2015.2/doc/webtalk_introduction.html.
# webtalk_terminate
INFO: [Common 17-206] Exiting Webtalk at Fri Aug 19 16:03:59 2016...
