#-----------------------------------------------------------
# Vivado v2016.2 (64-bit)
# SW Build 1577090 on Thu Jun  2 16:32:35 MDT 2016
# IP Build 1577682 on Fri Jun  3 12:00:54 MDT 2016
# Start of session at: Sat Oct 14 11:57:17 2017
# Process ID: 30256
# Current directory: /users/start2015/r0486429/Documents/DDP/exsession2/ddp_sw
# Command line: vivado montgomery_sw_project/montgomery_sw_project.xpr -tempDir /tmp
# Log file: /users/start2015/r0486429/Documents/DDP/exsession2/ddp_sw/vivado.log
# Journal file: /users/start2015/r0486429/Documents/DDP/exsession2/ddp_sw/vivado.jou
#-----------------------------------------------------------
start_gui
PuTTY X11 proxy: unable to connect to forwarded X server: Network error: Connection refused
xterm: Xt error: Can't open display: localhost:16.0
ERROR: [Common 17-1374] Display test failed. Please check DISPLAY environment variable and X server permissions for remote display.
open_project montgomery_sw_project/montgomery_sw_project.xpr
Scanning sources...
Finished scanning sources
WARNING: [filemgmt 56-3] IP Repository Path: Could not find the directory '/users/start2015/r0486429/Documents/DDP/exsession2/ddp_sw/src/ip_repo'.
WARNING: [filemgmt 56-3] IP Repository Path: Could not find the directory '/users/start2015/r0486429/Documents/DDP/exsession2/ddp_sw/src/ip_repo'.
INFO: [IP_Flow 19-234] Refreshing IP repositories
WARNING: [IP_Flow 19-2248] Failed to load user IP repository '/users/start2015/r0486429/Documents/DDP/exsession2/ddp_sw/src/ip_repo'; Can't find the specified path.
If this directory should no longer be in your list of user repositories, go to the IP Settings dialog and remove it.
WARNING: [IP_Flow 19-2207] Repository '/users/start2015/r0486429/Documents/DDP/exsession2/ddp_sw/src/ip_repo' already exists; ignoring attempt to add it again.
WARNING: [IP_Flow 19-2248] Failed to load user IP repository '/users/start2015/r0486429/Documents/DDP/exsession2/ddp_sw/src/ip_repo'; Can't find the specified path.
If this directory should no longer be in your list of user repositories, go to the IP Settings dialog and remove it.
INFO: [IP_Flow 19-2313] Loaded Vivado IP repository '/esat/micas-data/software/xilinx_vivado_2016.2/Vivado/2016.2/data/ip'.
open_project: Time (s): cpu = 00:00:04 ; elapsed = 00:00:05 . Memory (MB): peak = 1111.820 ; gain = 52.031 ; free physical = 230 ; free virtual = 50885
INFO: [Common 17-206] Exiting Vivado at Sat Oct 14 11:57:37 2017...
