#-----------------------------------------------------------
# Vivado v2016.2 (64-bit)
# SW Build 1577090 on Thu Jun  2 16:32:35 MDT 2016
# IP Build 1577682 on Fri Jun  3 12:00:54 MDT 2016
# Start of session at: Sat Oct 14 12:02:14 2017
# Process ID: 30696
# Current directory: /users/start2015/r0486429/Documents/DDP/exsession2/ddp_sw
# Command line: vivado montgomery_sw_project/montgomery_sw_project.xpr -tempDir /tmp
# Log file: /users/start2015/r0486429/Documents/DDP/exsession2/ddp_sw/vivado.log
# Journal file: /users/start2015/r0486429/Documents/DDP/exsession2/ddp_sw/vivado.jou
#-----------------------------------------------------------
start_gui
open_project montgomery_sw_project/montgomery_sw_project.xpr
Scanning sources...
Finished scanning sources
WARNING: [filemgmt 56-3] IP Repository Path: Could not find the directory '/users/start2015/r0486429/Documents/DDP/exsession2/ddp_sw/src/ip_repo'.
WARNING: [filemgmt 56-3] IP Repository Path: Could not find the directory '/users/start2015/r0486429/Documents/DDP/exsession2/ddp_sw/src/ip_repo'.
INFO: [IP_Flow 19-234] Refreshing IP repositories
WARNING: [IP_Flow 19-2248] Failed to load user IP repository '/users/start2015/r0486429/Documents/DDP/exsession2/ddp_sw/src/ip_repo'; Can't find the specified path.
If this directory should no longer be in your list of user repositories, go to the IP Settings dialog and remove it.
WARNING: [IP_Flow 19-2207] Repository '/users/start2015/r0486429/Documents/DDP/exsession2/ddp_sw/src/ip_repo' already exists; ignoring attempt to add it again.
WARNING: [IP_Flow 19-2248] Failed to load user IP repository '/users/start2015/r0486429/Documents/DDP/exsession2/ddp_sw/src/ip_repo'; Can't find the specified path.
If this directory should no longer be in your list of user repositories, go to the IP Settings dialog and remove it.
INFO: [IP_Flow 19-2313] Loaded Vivado IP repository '/esat/micas-data/software/xilinx_vivado_2016.2/Vivado/2016.2/data/ip'.
open_project: Time (s): cpu = 00:00:19 ; elapsed = 00:00:13 . Memory (MB): peak = 5978.434 ; gain = 117.066 ; free physical = 215 ; free virtual = 50525
update_compile_order -fileset sources_1
open_bd_design {/users/start2015/r0486429/Documents/DDP/exsession2/ddp_sw/montgomery_sw_project/montgomery_sw_project.srcs/sources_1/bd/montgomery_sw_project/montgomery_sw_project.bd}
Adding cell -- xilinx.com:ip:axi_gpio:2.0 - axi_gpio_0
Adding cell -- xilinx.com:ip:processing_system7:5.5 - processing_system7_0
Adding cell -- xilinx.com:ip:proc_sys_reset:5.0 - rst_processing_system7_0_100M
Adding cell -- xilinx.com:ip:axi_protocol_converter:2.1 - auto_pc
Successfully read diagram <montgomery_sw_project> from BD file </users/start2015/r0486429/Documents/DDP/exsession2/ddp_sw/montgomery_sw_project/montgomery_sw_project.srcs/sources_1/bd/montgomery_sw_project/montgomery_sw_project.bd>
open_bd_design: Time (s): cpu = 00:00:08 ; elapsed = 00:00:07 . Memory (MB): peak = 6035.898 ; gain = 32.059 ; free physical = 233 ; free virtual = 50465
exit
INFO: [Common 17-206] Exiting Vivado at Sat Oct 14 12:07:49 2017...
