#-----------------------------------------------------------
# Vivado v2016.2 (64-bit)
# SW Build 1577090 on Thu Jun  2 16:32:35 MDT 2016
# IP Build 1577682 on Fri Jun  3 12:00:54 MDT 2016
# Start of session at: Wed Oct 25 14:18:18 2017
# Process ID: 4610
# Current directory: /users/start2015/r0486429/Documents/DDP/DDP-software/DDP-software
# Command line: vivado montgomery_sw_project/montgomery_sw_project.xpr -tempDir /tmp
# Log file: /users/start2015/r0486429/Documents/DDP/DDP-software/DDP-software/vivado.log
# Journal file: /users/start2015/r0486429/Documents/DDP/DDP-software/DDP-software/vivado.jou
#-----------------------------------------------------------
start_gui
open_project montgomery_sw_project/montgomery_sw_project.xpr
Scanning sources...
Finished scanning sources
WARNING: [filemgmt 56-3] IP Repository Path: Could not find the directory '/users/start2015/r0486429/Documents/DDP/DDP-software/DDP-software/src/ip_repo'.
WARNING: [filemgmt 56-3] IP Repository Path: Could not find the directory '/users/start2015/r0486429/Documents/DDP/DDP-software/DDP-software/src/ip_repo'.
INFO: [IP_Flow 19-234] Refreshing IP repositories
WARNING: [IP_Flow 19-2248] Failed to load user IP repository '/users/start2015/r0486429/Documents/DDP/DDP-software/DDP-software/src/ip_repo'; Can't find the specified path.
If this directory should no longer be in your list of user repositories, go to the IP Settings dialog and remove it.
WARNING: [IP_Flow 19-2207] Repository '/users/start2015/r0486429/Documents/DDP/DDP-software/DDP-software/src/ip_repo' already exists; ignoring attempt to add it again.
WARNING: [IP_Flow 19-2248] Failed to load user IP repository '/users/start2015/r0486429/Documents/DDP/DDP-software/DDP-software/src/ip_repo'; Can't find the specified path.
If this directory should no longer be in your list of user repositories, go to the IP Settings dialog and remove it.
INFO: [IP_Flow 19-2313] Loaded Vivado IP repository '/esat/micas-data/software/xilinx_vivado_2016.2/Vivado/2016.2/data/ip'.
open_project: Time (s): cpu = 00:00:13 ; elapsed = 00:00:08 . Memory (MB): peak = 5980.066 ; gain = 143.180 ; free physical = 5271 ; free virtual = 22852
update_compile_order -fileset sources_1
launch_sdk -workspace /users/start2015/r0486429/Documents/DDP/DDP-software/DDP-software/montgomery_sw_project/montgomery_sw_project.sdk -hwspec /users/start2015/r0486429/Documents/DDP/DDP-software/DDP-software/montgomery_sw_project/montgomery_sw_project.sdk/montgomery_sw_project_wrapper.hdf
INFO: [Vivado 12-393] Launching SDK...
INFO: [Vivado 12-417] Running xsdk -workspace /users/start2015/r0486429/Documents/DDP/DDP-software/DDP-software/montgomery_sw_project/montgomery_sw_project.sdk -hwspec /users/start2015/r0486429/Documents/DDP/DDP-software/DDP-software/montgomery_sw_project/montgomery_sw_project.sdk/montgomery_sw_project_wrapper.hdf
INFO: [Vivado 12-3157] SDK launch initiated. Please check console for any further messages.
exit
INFO: [Common 17-206] Exiting Vivado at Wed Oct 25 15:56:23 2017...
