Copyright 1986-2016 Xilinx, Inc. All Rights Reserved.
-------------------------------------------------------------------------------------------------
| Tool Version : Vivado v.2016.2 (lin64) Build 1577090 Thu Jun  2 16:32:35 MDT 2016
| Date         : Tue Mar  6 15:19:54 2018
| Host         : pc-klas3-2.esat.kuleuven.be running 64-bit CentOS Linux release 7.4.1708 (Core)
| Command      : report_control_sets -verbose -file ARM_1_wrapper_control_sets_placed.rpt
| Design       : ARM_1_wrapper
| Device       : xc7z010
-------------------------------------------------------------------------------------------------

Control Set Information

Table of Contents
-----------------
1. Summary
2. Flip-Flop Distribution
3. Detailed Control Set Information

1. Summary
----------

+----------------------------------------------------------+-------+
|                          Status                          | Count |
+----------------------------------------------------------+-------+
| Number of unique control sets                            |    45 |
| Unused register locations in slices containing registers |   122 |
+----------------------------------------------------------+-------+


2. Flip-Flop Distribution
-------------------------

+--------------+-----------------------+------------------------+-----------------+--------------+
| Clock Enable | Synchronous Set/Reset | Asynchronous Set/Reset | Total Registers | Total Slices |
+--------------+-----------------------+------------------------+-----------------+--------------+
| No           | No                    | No                     |             187 |           65 |
| No           | No                    | Yes                    |               0 |            0 |
| No           | Yes                   | No                     |             133 |           44 |
| Yes          | No                    | No                     |             413 |           96 |
| Yes          | No                    | Yes                    |               0 |            0 |
| Yes          | Yes                   | No                     |              73 |           24 |
+--------------+-----------------------+------------------------+-----------------+--------------+


3. Detailed Control Set Information
-----------------------------------

+----------------------------------------------+-------------------------------------------------------------------------------------------------------------------------------------------------------------+--------------------------------------------------------------------------------------------------------------------------------------------------------+------------------+----------------+
|                 Clock Signal                 |                                                                        Enable Signal                                                                        |                                                                    Set/Reset Signal                                                                    | Slice Load Count | Bel Load Count |
+----------------------------------------------+-------------------------------------------------------------------------------------------------------------------------------------------------------------+--------------------------------------------------------------------------------------------------------------------------------------------------------+------------------+----------------+
|  ARM_1_i/processing_system7_0/inst/FCLK_CLK0 | ARM_1_i/processing_system7_0_axi_periph/s00_couplers/auto_pc/inst/gen_axilite.gen_b2s_conv.axilite_b2s/WR.b_channel_0/bid_fifo_0/bresp_push                 |                                                                                                                                                        |                1 |              2 |
|  ARM_1_i/processing_system7_0/inst/FCLK_CLK0 |                                                                                                                                                             | ARM_1_i/processing_system7_0_axi_periph/s00_couplers/auto_pc/inst/gen_axilite.gen_b2s_conv.axilite_b2s/SI_REG/aw_pipe/s_ready_i_reg_0                  |                4 |              4 |
|  ARM_1_i/processing_system7_0/inst/FCLK_CLK0 | ARM_1_i/axi_gpio_0/U0/AXI_LITE_IPIF_I/I_SLAVE_ATTACHMENT/start2_i_1_n_0                                                                                     | ARM_1_i/axi_gpio_0/U0/AXI_LITE_IPIF_I/I_SLAVE_ATTACHMENT/bus2ip_rnw_i_reg_0                                                                            |                2 |              4 |
|  ARM_1_i/processing_system7_0/inst/FCLK_CLK0 | ARM_1_i/axi_gpio_0/U0/AXI_LITE_IPIF_I/I_SLAVE_ATTACHMENT/I_DECODER/E[0]                                                                                     | ARM_1_i/axi_gpio_0/U0/AXI_LITE_IPIF_I/I_SLAVE_ATTACHMENT/bus2ip_rnw_i_reg_0                                                                            |                2 |              4 |
|  ARM_1_i/processing_system7_0/inst/FCLK_CLK0 | ARM_1_i/axi_gpio_0/U0/AXI_LITE_IPIF_I/I_SLAVE_ATTACHMENT/I_DECODER/Dual.gpio_OE_reg[0][0]                                                                   | ARM_1_i/axi_gpio_0/U0/AXI_LITE_IPIF_I/I_SLAVE_ATTACHMENT/bus2ip_rnw_i_reg_0                                                                            |                1 |              4 |
|  ARM_1_i/processing_system7_0/inst/FCLK_CLK0 | ARM_1_i/axi_gpio_1/U0/AXI_LITE_IPIF_I/I_SLAVE_ATTACHMENT/s_axi_rdata_i[3]_i_1_n_0                                                                           | ARM_1_i/axi_gpio_1/U0/AXI_LITE_IPIF_I/I_SLAVE_ATTACHMENT/SR                                                                                            |                1 |              4 |
|  ARM_1_i/processing_system7_0/inst/FCLK_CLK0 | ARM_1_i/axi_gpio_1/U0/AXI_LITE_IPIF_I/I_SLAVE_ATTACHMENT/I_DECODER/E[0]                                                                                     | ARM_1_i/axi_gpio_1/U0/AXI_LITE_IPIF_I/I_SLAVE_ATTACHMENT/SR                                                                                            |                1 |              4 |
|  ARM_1_i/processing_system7_0/inst/FCLK_CLK0 | ARM_1_i/axi_gpio_1/U0/AXI_LITE_IPIF_I/I_SLAVE_ATTACHMENT/I_DECODER/Not_Dual.gpio_OE_reg[0][0]                                                               | ARM_1_i/axi_gpio_1/U0/AXI_LITE_IPIF_I/I_SLAVE_ATTACHMENT/SR                                                                                            |                1 |              4 |
|  ARM_1_i/processing_system7_0/inst/FCLK_CLK0 | ARM_1_i/axi_gpio_1/U0/AXI_LITE_IPIF_I/I_SLAVE_ATTACHMENT/bus2ip_addr_i[8]_i_1_n_0                                                                           | ARM_1_i/axi_gpio_1/U0/AXI_LITE_IPIF_I/I_SLAVE_ATTACHMENT/SR                                                                                            |                2 |              4 |
|  ARM_1_i/processing_system7_0/inst/FCLK_CLK0 | ARM_1_i/axi_gpio_0/U0/AXI_LITE_IPIF_I/I_SLAVE_ATTACHMENT/s_axi_rdata_i                                                                                      | ARM_1_i/axi_gpio_0/U0/AXI_LITE_IPIF_I/I_SLAVE_ATTACHMENT/bus2ip_rnw_i_reg_0                                                                            |                1 |              4 |
|  ARM_1_i/processing_system7_0/inst/FCLK_CLK0 |                                                                                                                                                             | ARM_1_i/processing_system7_0_axi_periph/s00_couplers/auto_pc/inst/gen_axilite.gen_b2s_conv.axilite_b2s/SI_REG/ar_pipe/m_valid_i_reg_0                  |                4 |              4 |
|  ARM_1_i/processing_system7_0/inst/FCLK_CLK0 | ARM_1_i/processing_system7_0_axi_periph/xbar/inst/gen_sasd.crossbar_sasd_0/reg_slice_r/aa_rready                                                            |                                                                                                                                                        |                1 |              4 |
|  ARM_1_i/processing_system7_0/inst/FCLK_CLK0 | ARM_1_i/processing_system7_0_axi_periph/s00_couplers/auto_pc/inst/gen_axilite.gen_b2s_conv.axilite_b2s/RD.ar_channel_0/ar_cmd_fsm_0/axlen_cnt_reg[3][0]     | ARM_1_i/processing_system7_0_axi_periph/s00_couplers/auto_pc/inst/gen_axilite.gen_b2s_conv.axilite_b2s/RD.ar_channel_0/ar_cmd_fsm_0/axlen_cnt_reg[7]   |                2 |              4 |
|  ARM_1_i/processing_system7_0/inst/FCLK_CLK0 |                                                                                                                                                             | ARM_1_i/axi_gpio_0/U0/AXI_LITE_IPIF_I/I_SLAVE_ATTACHMENT/clear                                                                                         |                1 |              4 |
|  ARM_1_i/processing_system7_0/inst/FCLK_CLK0 | ARM_1_i/processing_system7_0_axi_periph/s00_couplers/auto_pc/inst/gen_axilite.gen_b2s_conv.axilite_b2s/WR.aw_channel_0/aw_cmd_fsm_0/axlen_cnt_reg[3][0]     | ARM_1_i/processing_system7_0_axi_periph/s00_couplers/auto_pc/inst/gen_axilite.gen_b2s_conv.axilite_b2s/WR.aw_channel_0/aw_cmd_fsm_0/axlen_cnt_reg[7]_1 |                2 |              4 |
|  ARM_1_i/processing_system7_0/inst/FCLK_CLK0 |                                                                                                                                                             | ARM_1_i/axi_gpio_1/U0/AXI_LITE_IPIF_I/I_SLAVE_ATTACHMENT/clear                                                                                         |                1 |              4 |
|  ARM_1_i/processing_system7_0/inst/FCLK_CLK0 |                                                                                                                                                             | ARM_1_i/axi_gpio_1/U0/AXI_LITE_IPIF_I/I_SLAVE_ATTACHMENT/I_DECODER/Not_Dual.READ_REG_GEN[0].GPIO_DBus_i_reg[28]                                        |                2 |              4 |
|  ARM_1_i/processing_system7_0/inst/FCLK_CLK0 |                                                                                                                                                             | ARM_1_i/rst_processing_system7_0_100M/U0/EXT_LPF/lpf_int                                                                                               |                2 |              5 |
|  ARM_1_i/processing_system7_0/inst/FCLK_CLK0 | ARM_1_i/rst_processing_system7_0_100M/U0/SEQ/seq_cnt_en                                                                                                     | ARM_1_i/rst_processing_system7_0_100M/U0/SEQ/SEQ_COUNTER/clear                                                                                         |                1 |              6 |
|  ARM_1_i/processing_system7_0/inst/FCLK_CLK0 | ARM_1_i/processing_system7_0_axi_periph/xbar/inst/gen_sasd.crossbar_sasd_0/addr_arbiter_inst/E[0]                                                           |                                                                                                                                                        |                2 |              7 |
|  ARM_1_i/processing_system7_0/inst/FCLK_CLK0 |                                                                                                                                                             | ARM_1_i/axi_gpio_0/U0/AXI_LITE_IPIF_I/I_SLAVE_ATTACHMENT/I_DECODER/Read_Reg_Rst                                                                        |                3 |              8 |
|  ARM_1_i/processing_system7_0/inst/FCLK_CLK0 | ARM_1_i/processing_system7_0_axi_periph/s00_couplers/auto_pc/inst/gen_axilite.gen_b2s_conv.axilite_b2s/WR.b_channel_0/mhandshake_r                          | ARM_1_i/processing_system7_0_axi_periph/s00_couplers/auto_pc/inst/gen_axilite.gen_b2s_conv.axilite_b2s/WR.b_channel_0/bid_fifo_0/SR[0]                 |                2 |              8 |
|  ARM_1_i/processing_system7_0/inst/FCLK_CLK0 |                                                                                                                                                             | ARM_1_i/processing_system7_0_axi_periph/xbar/inst/gen_sasd.crossbar_sasd_0/addr_arbiter_inst/SR[0]                                                     |                5 |             11 |
|  ARM_1_i/processing_system7_0/inst/FCLK_CLK0 | ARM_1_i/processing_system7_0_axi_periph/s00_couplers/auto_pc/inst/gen_axilite.gen_b2s_conv.axilite_b2s/RD.ar_channel_0/ar_cmd_fsm_0/axaddr_incr_reg[11]     |                                                                                                                                                        |                3 |             12 |
|  ARM_1_i/processing_system7_0/inst/FCLK_CLK0 | ARM_1_i/processing_system7_0_axi_periph/s00_couplers/auto_pc/inst/gen_axilite.gen_b2s_conv.axilite_b2s/RD.ar_channel_0/ar_cmd_fsm_0/E[0]                    |                                                                                                                                                        |                7 |             12 |
|  ARM_1_i/processing_system7_0/inst/FCLK_CLK0 | ARM_1_i/processing_system7_0_axi_periph/s00_couplers/auto_pc/inst/gen_axilite.gen_b2s_conv.axilite_b2s/WR.aw_channel_0/aw_cmd_fsm_0/E[0]                    |                                                                                                                                                        |                7 |             12 |
|  ARM_1_i/processing_system7_0/inst/FCLK_CLK0 | ARM_1_i/processing_system7_0_axi_periph/s00_couplers/auto_pc/inst/gen_axilite.gen_b2s_conv.axilite_b2s/WR.aw_channel_0/aw_cmd_fsm_0/axaddr_incr_reg[11]     |                                                                                                                                                        |                3 |             12 |
|  ARM_1_i/processing_system7_0/inst/FCLK_CLK0 | ARM_1_i/processing_system7_0_axi_periph/s00_couplers/auto_pc/inst/gen_axilite.gen_b2s_conv.axilite_b2s/RD.r_channel_0/r_push_r                              |                                                                                                                                                        |                4 |             13 |
|  ARM_1_i/processing_system7_0/inst/FCLK_CLK0 | ARM_1_i/processing_system7_0_axi_periph/s00_couplers/auto_pc/inst/gen_axilite.gen_b2s_conv.axilite_b2s/SI_REG/b_pipe/skid_buffer_reg[0]_0                   |                                                                                                                                                        |                2 |             14 |
|  ARM_1_i/processing_system7_0/inst/FCLK_CLK0 | ARM_1_i/processing_system7_0_axi_periph/s00_couplers/auto_pc/inst/gen_axilite.gen_b2s_conv.axilite_b2s/SI_REG/b_pipe/p_1_in                                 |                                                                                                                                                        |                2 |             14 |
|  ARM_1_i/processing_system7_0/inst/FCLK_CLK0 |                                                                                                                                                             | ARM_1_i/axi_gpio_0/U0/AXI_LITE_IPIF_I/I_SLAVE_ATTACHMENT/bus2ip_rnw_i_reg_0                                                                            |                5 |             15 |
|  ARM_1_i/processing_system7_0/inst/FCLK_CLK0 |                                                                                                                                                             | ARM_1_i/axi_gpio_1/U0/AXI_LITE_IPIF_I/I_SLAVE_ATTACHMENT/SR                                                                                            |                4 |             15 |
|  ARM_1_i/processing_system7_0/inst/FCLK_CLK0 | ARM_1_i/processing_system7_0_axi_periph/xbar/inst/gen_sasd.crossbar_sasd_0/addr_arbiter_inst/p_0_in1_in                                                     | ARM_1_i/processing_system7_0_axi_periph/xbar/inst/gen_sasd.crossbar_sasd_0/addr_arbiter_inst/SR[0]                                                     |                6 |             19 |
|  ARM_1_i/processing_system7_0/inst/FCLK_CLK0 | ARM_1_i/processing_system7_0_axi_periph/s00_couplers/auto_pc/inst/gen_axilite.gen_b2s_conv.axilite_b2s/WR.aw_channel_0/aw_cmd_fsm_0/axlen_cnt_reg[3][0]     |                                                                                                                                                        |                6 |             20 |
|  ARM_1_i/processing_system7_0/inst/FCLK_CLK0 | ARM_1_i/processing_system7_0_axi_periph/s00_couplers/auto_pc/inst/gen_axilite.gen_b2s_conv.axilite_b2s/WR.aw_channel_0/aw_cmd_fsm_0/axlen_cnt_reg[7]_2      |                                                                                                                                                        |                5 |             20 |
|  ARM_1_i/processing_system7_0/inst/FCLK_CLK0 | ARM_1_i/processing_system7_0_axi_periph/s00_couplers/auto_pc/inst/gen_axilite.gen_b2s_conv.axilite_b2s/RD.ar_channel_0/ar_cmd_fsm_0/axlen_cnt_reg[3][0]     |                                                                                                                                                        |                8 |             20 |
|  ARM_1_i/processing_system7_0/inst/FCLK_CLK0 | ARM_1_i/processing_system7_0_axi_periph/s00_couplers/auto_pc/inst/gen_axilite.gen_b2s_conv.axilite_b2s/RD.r_channel_0/rd_data_fifo_0/wr_en0                 |                                                                                                                                                        |                9 |             34 |
|  ARM_1_i/processing_system7_0/inst/FCLK_CLK0 | ARM_1_i/processing_system7_0_axi_periph/s00_couplers/auto_pc/inst/gen_axilite.gen_b2s_conv.axilite_b2s/SI_REG/r_pipe/p_1_in                                 |                                                                                                                                                        |                7 |             47 |
|  ARM_1_i/processing_system7_0/inst/FCLK_CLK0 | ARM_1_i/processing_system7_0_axi_periph/s00_couplers/auto_pc/inst/gen_axilite.gen_b2s_conv.axilite_b2s/SI_REG/r_pipe/skid_buffer_reg[0]_0                   |                                                                                                                                                        |                9 |             47 |
|  ARM_1_i/processing_system7_0/inst/FCLK_CLK0 | ARM_1_i/processing_system7_0_axi_periph/s00_couplers/auto_pc/inst/gen_axilite.gen_b2s_conv.axilite_b2s/SI_REG/aw_pipe/skid_buffer_reg[0]_0                  |                                                                                                                                                        |               11 |             48 |
|  ARM_1_i/processing_system7_0/inst/FCLK_CLK0 | ARM_1_i/processing_system7_0_axi_periph/s00_couplers/auto_pc/inst/gen_axilite.gen_b2s_conv.axilite_b2s/SI_REG/ar_pipe/skid_buffer_reg[0]_0                  |                                                                                                                                                        |               10 |             48 |
|  ARM_1_i/processing_system7_0/inst/FCLK_CLK0 | ARM_1_i/processing_system7_0_axi_periph/s00_couplers/auto_pc/inst/gen_axilite.gen_b2s_conv.axilite_b2s/WR.aw_channel_0/aw_cmd_fsm_0/m_payload_i_reg[0][0]   |                                                                                                                                                        |               10 |             48 |
|  ARM_1_i/processing_system7_0/inst/FCLK_CLK0 | ARM_1_i/processing_system7_0_axi_periph/s00_couplers/auto_pc/inst/gen_axilite.gen_b2s_conv.axilite_b2s/RD.ar_channel_0/ar_cmd_fsm_0/m_payload_i_reg[0]_1[0] |                                                                                                                                                        |                8 |             48 |
|  ARM_1_i/processing_system7_0/inst/FCLK_CLK0 |                                                                                                                                                             | ARM_1_i/processing_system7_0_axi_periph/s00_couplers/auto_pc/inst/gen_axilite.gen_b2s_conv.axilite_b2s/areset_d1                                       |               13 |             59 |
|  ARM_1_i/processing_system7_0/inst/FCLK_CLK0 |                                                                                                                                                             |                                                                                                                                                        |               66 |            188 |
+----------------------------------------------+-------------------------------------------------------------------------------------------------------------------------------------------------------------+--------------------------------------------------------------------------------------------------------------------------------------------------------+------------------+----------------+


