#-----------------------------------------------------------
# Vivado v2016.2 (64-bit)
# SW Build 1577090 on Thu Jun  2 16:32:35 MDT 2016
# IP Build 1577682 on Fri Jun  3 12:00:54 MDT 2016
# Start of session at: Mon Mar 12 14:57:18 2018
# Process ID: 12747
# Current directory: /users/students/data/eagle4
# Command line: vivado
# Log file: /users/students/data/eagle4/vivado.log
# Journal file: /users/students/data/eagle4/vivado.jou
#-----------------------------------------------------------
start_gui
open_project /users/students/data/eagle4/project_Attitude_Controller/project_Attitude_Controller.xpr
Scanning sources...
Finished scanning sources
INFO: [IP_Flow 19-234] Refreshing IP repositories
INFO: [IP_Flow 19-1704] No user IP repositories specified
INFO: [IP_Flow 19-2313] Loaded Vivado IP repository '/esat/micas-data/software/xilinx_vivado_2016.2/Vivado/2016.2/data/ip'.
open_project: Time (s): cpu = 00:00:12 ; elapsed = 00:00:10 . Memory (MB): peak = 5985.203 ; gain = 137.223 ; free physical = 5006 ; free virtual = 22823
update_compile_order -fileset sources_1
exit
INFO: [Common 17-206] Exiting Vivado at Mon Mar 12 15:05:40 2018...
