Copyright 1986-2016 Xilinx, Inc. All Rights Reserved.
----------------------------------------------------------------------------------------------------------
| Tool Version : Vivado v.2016.2 (lin64) Build 1577090 Thu Jun  2 16:32:35 MDT 2016
| Date         : Wed Sep 27 17:44:51 2017
| Host         : pc-klas3-12.esat.kuleuven.be running 64-bit CentOS Linux release 7.4.1708 (Core)
| Command      : report_control_sets -verbose -file montgomery_sw_project_wrapper_control_sets_placed.rpt
| Design       : montgomery_sw_project_wrapper
| Device       : xc7z010
----------------------------------------------------------------------------------------------------------

Control Set Information

Table of Contents
-----------------
1. Summary
2. Flip-Flop Distribution
3. Detailed Control Set Information

1. Summary
----------

+----------------------------------------------------------+-------+
|                          Status                          | Count |
+----------------------------------------------------------+-------+
| Number of unique control sets                            |    34 |
| Unused register locations in slices containing registers |    85 |
+----------------------------------------------------------+-------+


2. Flip-Flop Distribution
-------------------------

+--------------+-----------------------+------------------------+-----------------+--------------+
| Clock Enable | Synchronous Set/Reset | Asynchronous Set/Reset | Total Registers | Total Slices |
+--------------+-----------------------+------------------------+-----------------+--------------+
| No           | No                    | No                     |             125 |           37 |
| No           | No                    | Yes                    |               0 |            0 |
| No           | Yes                   | No                     |              94 |           35 |
| Yes          | No                    | No                     |             338 |          102 |
| Yes          | No                    | Yes                    |               0 |            0 |
| Yes          | Yes                   | No                     |              38 |           13 |
+--------------+-----------------------+------------------------+-----------------+--------------+


3. Detailed Control Set Information
-----------------------------------

+--------------------------------------------------------------+-----------------------------------------------------------------------------------------------------------------------------------------------------------------------------+------------------------------------------------------------------------------------------------------------------------------------------------------------------------+------------------+----------------+
|                         Clock Signal                         |                                                                                Enable Signal                                                                                |                                                                            Set/Reset Signal                                                                            | Slice Load Count | Bel Load Count |
+--------------------------------------------------------------+-----------------------------------------------------------------------------------------------------------------------------------------------------------------------------+------------------------------------------------------------------------------------------------------------------------------------------------------------------------+------------------+----------------+
|  montgomery_sw_project_i/processing_system7_0/inst/FCLK_CLK0 | montgomery_sw_project_i/processing_system7_0_axi_periph/s00_couplers/auto_pc/inst/gen_axilite.gen_b2s_conv.axilite_b2s/WR.b_channel_0/bid_fifo_0/bresp_push                 |                                                                                                                                                                        |                1 |              2 |
|  montgomery_sw_project_i/processing_system7_0/inst/FCLK_CLK0 |                                                                                                                                                                             | montgomery_sw_project_i/axi_gpio_0/U0/AXI_LITE_IPIF_I/I_SLAVE_ATTACHMENT/clear                                                                                         |                1 |              4 |
|  montgomery_sw_project_i/processing_system7_0/inst/FCLK_CLK0 |                                                                                                                                                                             | montgomery_sw_project_i/axi_gpio_0/U0/AXI_LITE_IPIF_I/I_SLAVE_ATTACHMENT/I_DECODER/Not_Dual.READ_REG_GEN[0].GPIO_DBus_i_reg[28]                                        |                1 |              4 |
|  montgomery_sw_project_i/processing_system7_0/inst/FCLK_CLK0 |                                                                                                                                                                             | montgomery_sw_project_i/processing_system7_0_axi_periph/s00_couplers/auto_pc/inst/gen_axilite.gen_b2s_conv.axilite_b2s/SI_REG/ar_pipe/m_valid_i_reg_0                  |                4 |              4 |
|  montgomery_sw_project_i/processing_system7_0/inst/FCLK_CLK0 |                                                                                                                                                                             | montgomery_sw_project_i/processing_system7_0_axi_periph/s00_couplers/auto_pc/inst/gen_axilite.gen_b2s_conv.axilite_b2s/SI_REG/aw_pipe/s_ready_i_reg_0                  |                4 |              4 |
|  montgomery_sw_project_i/processing_system7_0/inst/FCLK_CLK0 |                                                                                                                                                                             | montgomery_sw_project_i/rst_processing_system7_0_100M/U0/EXT_LPF/lpf_int                                                                                               |                1 |              4 |
|  montgomery_sw_project_i/processing_system7_0/inst/FCLK_CLK0 | montgomery_sw_project_i/axi_gpio_0/U0/AXI_LITE_IPIF_I/I_SLAVE_ATTACHMENT/bus2ip_addr_i[8]_i_1_n_0                                                                           | montgomery_sw_project_i/axi_gpio_0/U0/AXI_LITE_IPIF_I/I_SLAVE_ATTACHMENT/SR                                                                                            |                2 |              4 |
|  montgomery_sw_project_i/processing_system7_0/inst/FCLK_CLK0 | montgomery_sw_project_i/axi_gpio_0/U0/AXI_LITE_IPIF_I/I_SLAVE_ATTACHMENT/I_DECODER/E[0]                                                                                     | montgomery_sw_project_i/axi_gpio_0/U0/AXI_LITE_IPIF_I/I_SLAVE_ATTACHMENT/SR                                                                                            |                1 |              4 |
|  montgomery_sw_project_i/processing_system7_0/inst/FCLK_CLK0 | montgomery_sw_project_i/axi_gpio_0/U0/AXI_LITE_IPIF_I/I_SLAVE_ATTACHMENT/I_DECODER/Not_Dual.gpio_OE_reg[0][0]                                                               | montgomery_sw_project_i/axi_gpio_0/U0/AXI_LITE_IPIF_I/I_SLAVE_ATTACHMENT/SR                                                                                            |                1 |              4 |
|  montgomery_sw_project_i/processing_system7_0/inst/FCLK_CLK0 | montgomery_sw_project_i/axi_gpio_0/U0/AXI_LITE_IPIF_I/I_SLAVE_ATTACHMENT/s_axi_rdata_i[3]_i_1_n_0                                                                           | montgomery_sw_project_i/axi_gpio_0/U0/AXI_LITE_IPIF_I/I_SLAVE_ATTACHMENT/SR                                                                                            |                2 |              4 |
|  montgomery_sw_project_i/processing_system7_0/inst/FCLK_CLK0 | montgomery_sw_project_i/processing_system7_0_axi_periph/s00_couplers/auto_pc/inst/gen_axilite.gen_b2s_conv.axilite_b2s/WR.aw_channel_0/aw_cmd_fsm_0/axlen_cnt_reg[3][0]     | montgomery_sw_project_i/processing_system7_0_axi_periph/s00_couplers/auto_pc/inst/gen_axilite.gen_b2s_conv.axilite_b2s/WR.aw_channel_0/aw_cmd_fsm_0/axlen_cnt_reg[7]_1 |                2 |              4 |
|  montgomery_sw_project_i/processing_system7_0/inst/FCLK_CLK0 | montgomery_sw_project_i/processing_system7_0_axi_periph/s00_couplers/auto_pc/inst/gen_axilite.gen_b2s_conv.axilite_b2s/RD.ar_channel_0/ar_cmd_fsm_0/axlen_cnt_reg[3][0]     | montgomery_sw_project_i/processing_system7_0_axi_periph/s00_couplers/auto_pc/inst/gen_axilite.gen_b2s_conv.axilite_b2s/RD.ar_channel_0/ar_cmd_fsm_0/axlen_cnt_reg[7]   |                2 |              4 |
|  montgomery_sw_project_i/processing_system7_0/inst/FCLK_CLK0 | montgomery_sw_project_i/rst_processing_system7_0_100M/U0/SEQ/seq_cnt_en                                                                                                     | montgomery_sw_project_i/rst_processing_system7_0_100M/U0/SEQ/SEQ_COUNTER/clear                                                                                         |                1 |              6 |
|  montgomery_sw_project_i/processing_system7_0/inst/FCLK_CLK0 | montgomery_sw_project_i/processing_system7_0_axi_periph/s00_couplers/auto_pc/inst/gen_axilite.gen_b2s_conv.axilite_b2s/WR.b_channel_0/mhandshake_r                          | montgomery_sw_project_i/processing_system7_0_axi_periph/s00_couplers/auto_pc/inst/gen_axilite.gen_b2s_conv.axilite_b2s/WR.b_channel_0/bid_fifo_0/SR[0]                 |                2 |              8 |
|  montgomery_sw_project_i/processing_system7_0/inst/FCLK_CLK0 | montgomery_sw_project_i/processing_system7_0_axi_periph/s00_couplers/auto_pc/inst/gen_axilite.gen_b2s_conv.axilite_b2s/WR.aw_channel_0/aw_cmd_fsm_0/axaddr_incr_reg[11]     |                                                                                                                                                                        |                3 |             12 |
|  montgomery_sw_project_i/processing_system7_0/inst/FCLK_CLK0 | montgomery_sw_project_i/processing_system7_0_axi_periph/s00_couplers/auto_pc/inst/gen_axilite.gen_b2s_conv.axilite_b2s/WR.aw_channel_0/aw_cmd_fsm_0/E[0]                    |                                                                                                                                                                        |                6 |             12 |
|  montgomery_sw_project_i/processing_system7_0/inst/FCLK_CLK0 | montgomery_sw_project_i/processing_system7_0_axi_periph/s00_couplers/auto_pc/inst/gen_axilite.gen_b2s_conv.axilite_b2s/RD.ar_channel_0/ar_cmd_fsm_0/axaddr_incr_reg[11]     |                                                                                                                                                                        |                3 |             12 |
|  montgomery_sw_project_i/processing_system7_0/inst/FCLK_CLK0 | montgomery_sw_project_i/processing_system7_0_axi_periph/s00_couplers/auto_pc/inst/gen_axilite.gen_b2s_conv.axilite_b2s/RD.ar_channel_0/ar_cmd_fsm_0/E[0]                    |                                                                                                                                                                        |                5 |             12 |
|  montgomery_sw_project_i/processing_system7_0/inst/FCLK_CLK0 | montgomery_sw_project_i/processing_system7_0_axi_periph/s00_couplers/auto_pc/inst/gen_axilite.gen_b2s_conv.axilite_b2s/RD.r_channel_0/r_push_r                              |                                                                                                                                                                        |                4 |             13 |
|  montgomery_sw_project_i/processing_system7_0/inst/FCLK_CLK0 | montgomery_sw_project_i/processing_system7_0_axi_periph/s00_couplers/auto_pc/inst/gen_axilite.gen_b2s_conv.axilite_b2s/SI_REG/b_pipe/skid_buffer_reg[0]_0                   |                                                                                                                                                                        |                3 |             14 |
|  montgomery_sw_project_i/processing_system7_0/inst/FCLK_CLK0 | montgomery_sw_project_i/processing_system7_0_axi_periph/s00_couplers/auto_pc/inst/gen_axilite.gen_b2s_conv.axilite_b2s/SI_REG/b_pipe/p_1_in                                 |                                                                                                                                                                        |                3 |             14 |
|  montgomery_sw_project_i/processing_system7_0/inst/FCLK_CLK0 |                                                                                                                                                                             | montgomery_sw_project_i/axi_gpio_0/U0/AXI_LITE_IPIF_I/I_SLAVE_ATTACHMENT/SR                                                                                            |                5 |             15 |
|  montgomery_sw_project_i/processing_system7_0/inst/FCLK_CLK0 | montgomery_sw_project_i/processing_system7_0_axi_periph/s00_couplers/auto_pc/inst/gen_axilite.gen_b2s_conv.axilite_b2s/RD.ar_channel_0/ar_cmd_fsm_0/axlen_cnt_reg[3][0]     |                                                                                                                                                                        |                7 |             20 |
|  montgomery_sw_project_i/processing_system7_0/inst/FCLK_CLK0 | montgomery_sw_project_i/processing_system7_0_axi_periph/s00_couplers/auto_pc/inst/gen_axilite.gen_b2s_conv.axilite_b2s/WR.aw_channel_0/aw_cmd_fsm_0/axlen_cnt_reg[7]_2      |                                                                                                                                                                        |                5 |             20 |
|  montgomery_sw_project_i/processing_system7_0/inst/FCLK_CLK0 | montgomery_sw_project_i/processing_system7_0_axi_periph/s00_couplers/auto_pc/inst/gen_axilite.gen_b2s_conv.axilite_b2s/WR.aw_channel_0/aw_cmd_fsm_0/axlen_cnt_reg[3][0]     |                                                                                                                                                                        |                7 |             20 |
|  montgomery_sw_project_i/processing_system7_0/inst/FCLK_CLK0 | montgomery_sw_project_i/processing_system7_0_axi_periph/s00_couplers/auto_pc/inst/gen_axilite.gen_b2s_conv.axilite_b2s/SI_REG/aw_pipe/skid_buffer_reg[0]_0                  |                                                                                                                                                                        |               12 |             32 |
|  montgomery_sw_project_i/processing_system7_0/inst/FCLK_CLK0 | montgomery_sw_project_i/processing_system7_0_axi_periph/s00_couplers/auto_pc/inst/gen_axilite.gen_b2s_conv.axilite_b2s/WR.aw_channel_0/aw_cmd_fsm_0/m_payload_i_reg[0][0]   |                                                                                                                                                                        |               11 |             32 |
|  montgomery_sw_project_i/processing_system7_0/inst/FCLK_CLK0 | montgomery_sw_project_i/processing_system7_0_axi_periph/s00_couplers/auto_pc/inst/gen_axilite.gen_b2s_conv.axilite_b2s/SI_REG/ar_pipe/skid_buffer_reg[0]_0                  |                                                                                                                                                                        |               12 |             32 |
|  montgomery_sw_project_i/processing_system7_0/inst/FCLK_CLK0 | montgomery_sw_project_i/processing_system7_0_axi_periph/s00_couplers/auto_pc/inst/gen_axilite.gen_b2s_conv.axilite_b2s/RD.ar_channel_0/ar_cmd_fsm_0/m_payload_i_reg[0]_1[0] |                                                                                                                                                                        |               13 |             32 |
|  montgomery_sw_project_i/processing_system7_0/inst/FCLK_CLK0 | montgomery_sw_project_i/processing_system7_0_axi_periph/s00_couplers/auto_pc/inst/gen_axilite.gen_b2s_conv.axilite_b2s/RD.r_channel_0/rd_data_fifo_0/wr_en0                 |                                                                                                                                                                        |                9 |             34 |
|  montgomery_sw_project_i/processing_system7_0/inst/FCLK_CLK0 | montgomery_sw_project_i/processing_system7_0_axi_periph/s00_couplers/auto_pc/inst/gen_axilite.gen_b2s_conv.axilite_b2s/SI_REG/r_pipe/skid_buffer_reg[0]_0                   |                                                                                                                                                                        |                9 |             47 |
|  montgomery_sw_project_i/processing_system7_0/inst/FCLK_CLK0 | montgomery_sw_project_i/processing_system7_0_axi_periph/s00_couplers/auto_pc/inst/gen_axilite.gen_b2s_conv.axilite_b2s/SI_REG/r_pipe/p_1_in                                 |                                                                                                                                                                        |                8 |             47 |
|  montgomery_sw_project_i/processing_system7_0/inst/FCLK_CLK0 |                                                                                                                                                                             | montgomery_sw_project_i/processing_system7_0_axi_periph/s00_couplers/auto_pc/inst/gen_axilite.gen_b2s_conv.axilite_b2s/areset_d1                                       |               19 |             59 |
|  montgomery_sw_project_i/processing_system7_0/inst/FCLK_CLK0 |                                                                                                                                                                             |                                                                                                                                                                        |               38 |            126 |
+--------------------------------------------------------------+-----------------------------------------------------------------------------------------------------------------------------------------------------------------------------+------------------------------------------------------------------------------------------------------------------------------------------------------------------------+------------------+----------------+


